<?xml version="1.0" encoding="UTF-8"?>
<!-- Generated by org.testng.reporters.JUnitReportReporter -->
<testsuite hostname="LAPTOP-J5E37TJF" failures="0" tests="1" name="testcases.LogoutTest" time="5.880" errors="0" timestamp="2021-12-25T08:52:33 IST" skipped="0">
  <testcase classname="testcases.LogoutTest" name="verifyLogout" time="5.880"/>
  <system-out/>
</testsuite> <!-- testcases.LogoutTest -->
